==71866== Memcheck, a memory error detector
==71866== Copyright (C) 2002-2017, and GNU GPL'd, by Julian Seward et al.
==71866== Using Valgrind-3.18.1 and LibVEX; rerun with -h for copyright info
==71866== Command: /usr/bin/cat
==71866== Parent PID: 71848
==71866== ===71866== 
==71866== HEAP SUMMARY:
==71866==     in use at exit: 0 bytes in 0 blocks
==71866==   total heap usage: 31 allocs, 31 frees, 139,232 bytes allocated
==71866== 
==71866== All heap blocks were freed -- no leaks are possible
==71866== 
==71866== For lists of detected and suppressed errors, rerun with: -s
==71866== ERROR SUMMARY: 0 errors from 0 contexts (suppressed: 0 from 0)
 /usr/lib/x86_64-linux-gnu/libreadline.so.8.1)
==71848==    by 0x489B7F6: ??? (in /usr/lib/x86_64-linux-gnu/libreadline.so.8.1)
==71848==    by 0x489BE0D: rl_expand_prompt (in /usr/lib/x86_64-linux-gnu/libreadline.so.8.1)
==71848==    by 0x488B1BF: rl_set_prompt (in /usr/lib/x86_64-linux-gnu/libreadline.so.8.1)
==71848==    by 0x4896CCF: readline (in /usr/lib/x86_64-linux-gnu/libreadline.so.8.1)
==71848==    by 0x402F55: read_heredoc_content (here_doc.c:23)
==71848==    by 0x402DD4: fill_cmd_heredocs (here_doc.c:47)
==71848==    by 0x402D6F: fill_all_heredocs (here_doc.c:59)
==71848==    by 0x40136F: main (main.c:50)
==71848== 
==71848== 8 bytes in 1 blocks are still reachable in loss record 2 of 62
==71848==    at 0x4848899: malloc (in /usr/libexec/valgrind/vgpreload_memcheck-amd64-linux.so)
==71848==    by 0x497158E: strdup (strdup.c:42)
==71848==    by 0x4B0FD17: _nc_trim_sgr0 (in /usr/lib/x86_64-linux-gnu/libtinfo.so.6.3)
==71848==    by 0x4B0E6A8: tgetent_sp (in /usr/lib/x86_64-linux-gnu/libtinfo.so.6.3)
==71848==    by 0x48AA1CD: _rl_init_terminal_io (in /usr/lib/x86_64-linux-gnu/libreadline.so.8.1)
==71848==    by 0x4896A0F: rl_initialize (in /usr/lib/x86_64-linux-gnu/libreadline.so.8.1)
==71848==    by 0x4896CD4: readline (in /usr/lib/x86_64-linux-gnu/libreadline.so.8.1)
==71848==    by 0x402F55: read_heredoc_content (here_doc.c:23)
==71848==    by 0x402DD4: fill_cmd_heredocs (here_doc.c:47)
==71848==    by 0x402D6F: fill_all_heredocs (here_doc.c:59)
==71848==    by 0x40136F: main (main.c:50)
==71848== 
==71848== 10 bytes in 1 blocks are still reachable in loss record 3 of 62
==71848==    at 0x4848899: malloc (in /usr/libexec/valgrind/vgpreload_memcheck-amd64-linux.so)
==71848==    by 0x48AEBAC: xmalloc (in /usr/lib/x86_64-linux-gnu/libreadline.so.8.1)
==71848==    by 0x488B1E3: rl_set_prompt (in /usr/lib/x86_64-linux-gnu/libreadline.so.8.1)
==71848==    by 0x4896CCF: readline (in /usr/lib/x86_64-linux-gnu/libreadline.so.8.1)
==71848==    by 0x402F55: read_heredoc_content (here_doc.c:23)
==71848==    by 0x402DD4: fill_cmd_heredocs (here_doc.c:47)
==71848==    by 0x402D6F: fill_all_heredocs (here_doc.c:59)
==71848==    by 0x40136F: main (main.c:50)
==71848== 
==71848== 10 bytes in 1 blocks are still reachable in loss record 4 of 62
==71848==    at 0x4848899: malloc (in /usr/libexec/valgrind/vgpreload_memcheck-amd64-linux.so)
==71848==    by 0x48AEBAC: xmalloc (in /usr/lib/x86_64-linux-gnu/libreadline.so.8.1)
==71848==    by 0x489BC7F: ??? (in /usr/lib/x86_64-linux-gnu/libreadline.so.8.1)
==71848==    by 0x489BE0D: rl_expand_prompt (in /usr/lib/x86_64-linux-gnu/libreadline.so.8.1)
==71848==    by 0x488B1BF: rl_set_prompt (in /usr/lib/x86_64-linux-gnu/libreadline.so.8.1)
==71848==    by 0x4896CCF: readline (in /usr/lib/x86_64-linux-gnu/libreadline.so.8.1)
==71848==    by 0x402F55: read_heredoc_content (here_doc.c:23)
==71848==    by 0x402DD4: fill_cmd_heredocs (here_doc.c:47)
==71848==    by 0x402D6F: fill_all_heredocs (here_doc.c:59)
==71848==    by 0x40136F: main (main.c:50)
==71848== 
==71848== 13 bytes in 1 blocks are still reachable in loss record 5 of 62
==71848==    at 0x4848899: malloc (in /usr/libexec/valgrind/vgpreload_memcheck-amd64-linux.so)
==71848==    by 0x48AEBAC: xmalloc (in /usr/lib/x86_64-linux-gnu/libreadline.so.8.1)
==71848==    by 0x489CBF5: ??? (in /usr/lib/x86_64-linux-gnu/libreadline.so.8.1)
==71848==    by 0x4896A38: rl_initialize (in /usr/lib/x86_64-linux-gnu/libreadline.so.8.1)
==71848==    by 0x4896CD4: readline (in /usr/lib/x86_64-linux-gnu/libreadline.so.8.1)
==71848==    by 0x402F55: read_heredoc_content (here_doc.c:23)
==71848==    by 0x402DD4: fill_cmd_heredocs (here_doc.c:47)
==71848==    by 0x402D6F: fill_all_heredocs (here_doc.c:59)
==71848==    by 0x40136F: main (main.c:50)
==71848== 
==71848== 14 bytes in 1 blocks are still reachable in loss record 6 of 62
==71848==    at 0x484DCD3: realloc (in /usr/libexec/valgrind/vgpreload_memcheck-amd64-linux.so)
==71848==    by 0x4B026CC: _nc_doalloc (in /usr/lib/x86_64-linux-gnu/libtinfo.so.6.3)
==71848==    by 0x4B09272: _nc_tiparm (in /usr/lib/x86_64-linux-gnu/libtinfo.so.6.3)
==71848==    by 0x4B0FC7D: ??? (in /usr/lib/x86_64-linux-gnu/libtinfo.so.6.3)
==71848==    by 0x4B0FD09: _nc_trim_sgr0 (in /usr/lib/x86_64-linux-gnu/libtinfo.so.6.3)
==71848==    by 0x4B0E6A8: tgetent_sp (in /usr/lib/x86_64-linux-gnu/libtinfo.so.6.3)
==71848==    by 0x48AA1CD: _rl_init_terminal_io (in /usr/lib/x86_64-linux-gnu/libreadline.so.8.1)
==71848==    by 0x4896A0F: rl_initialize (in /usr/lib/x86_64-linux-gnu/libreadline.so.8.1)
==71848==    by 0x4896CD4: readline (in /usr/lib/x86_64-linux-gnu/libreadline.so.8.1)
==71848==    by 0x402F55: read_heredoc_content (here_doc.c:23)
==71848==    by 0x402DD4: fill_cmd_heredocs (here_doc.c:47)
==71848==    by 0x402D6F: fill_all_heredocs (here_doc.c:59)
==71848== 
==71848== 15 bytes in 1 blocks are still reachable in loss record 7 of 62
==71848==    at 0x4848899: malloc (in /usr/libexec/valgrind/vgpreload_memcheck-amd64-linux.so)
==71848==    by 0x497158E: strdup (strdup.c:42)
==71848==    by 0x4B01377: ??? (in /usr/lib/x86_64-linux-gnu/libtinfo.so.6.3)
==71848==    by 0x4B03BF8: _nc_first_db (in /usr/lib/x86_64-linux-gnu/libtinfo.so.6.3)
==71848==    by 0x4B0D696: _nc_read_entry2 (in /usr/lib/x86_64-linux-gnu/libtinfo.so.6.3)
==71848==    by 0x4B0D711: ??? (in /usr/lib/x86_64-linux-gnu/libtinfo.so.6.3)
==71848==    by 0x4B0D866: _nc_setupterm (in /usr/lib/x86_64-linux-gnu/libtinfo.so.6.3)
==71848==    by 0x4B0E4C9: tgetent_sp (in /usr/lib/x86_64-linux-gnu/libtinfo.so.6.3)
==71848==    by 0x48AA1CD: _rl_init_terminal_io (in /usr/lib/x86_64-linux-gnu/libreadline.so.8.1)
==71848==    by 0x4896A0F: rl_initialize (in /usr/lib/x86_64-linux-gnu/libreadline.so.8.1)
==71848==    by 0x4896CD4: readline (in /usr/lib/x86_64-linux-gnu/libreadline.so.8.1)
==71848==    by 0x402F55: read_heredoc_content (here_doc.c:23)
==71848== 
==71848== 15 bytes in 1 blocks are still reachable in loss record 8 of 62
==71848==    at 0x4848899: malloc (in /usr/libexec/valgrind/vgpreload_memcheck-amd64-linux.so)
==71848==    by 0x497158E: strdup (strdup.c:42)
==71848==    by 0x4B0D8AE: _nc_setupterm (in /usr/lib/x86_64-linux-gnu/libtinfo.so.6.3)
==71848==    by 0x4B0E4C9: tgetent_sp (in /usr/lib/x86_64-linux-gnu/libtinfo.so.6.3)
==71848==    by 0x48AA1CD: _rl_init_terminal_io (in /usr/lib/x86_64-linux-gnu/libreadline.so.8.1)
==71848==    by 0x4896A0F: rl_initialize (in /usr/lib/x86_64-linux-gnu/libreadline.so.8.1)
==71848==    by 0x4896CD4: readline (in /usr/lib/x86_64-linux-gnu/libreadline.so.8.1)
==71848==    by 0x402F55: read_heredoc_content (here_doc.c:23)
==71848==    by 0x402DD4: fill_cmd_heredocs (here_doc.c:47)
==71848==    by 0x402D6F: fill_all_heredocs (here_doc.c:59)
==71848==    by 0x40136F: main (main.c:50)
==71848== 
==71848== 16 bytes in 1 blocks are still reachable in loss record 9 of 62
==71848==    at 0x4848899: malloc (in /usr/libexec/valgrind/vgpreload_memcheck-amd64-linux.so)
==71848==    by 0x4896B26: rl_initialize (in /usr/lib/x86_64-linux-gnu/libreadline.so.8.1)
==71848==    by 0x4896CD4: readline (in /usr/lib/x86_64-linux-gnu/libreadline.so.8.1)
==71848==    by 0x402F55: read_heredoc_content (here_doc.c:23)
==71848==    by 0x402DD4: fill_cmd_heredocs (here_doc.c:47)
==71848==    by 0x402D6F: fill_all_heredocs (here_doc.c:59)
==71848==    by 0x40136F: main (main.c:50)
==71848== 
==71848== 20 bytes in 1 blocks are still reachable in loss record 10 of 62
==71848==    at 0x4848899: malloc (in /usr/libexec/valgrind/vgpreload_memcheck-amd64-linux.so)
==71848==    by 0x48AEBAC: xmalloc (in /usr/lib/x86_64-linux-gnu/libreadline.so.8.1)
==71848==    by 0x4899D8B: ??? (in /usr/lib/x86_64-linux-gnu/libreadline.so.8.1)
==71848==    by 0x489C6C9: rl_parse_and_bind (in /usr/lib/x86_64-linux-gnu/libreadline.so.8.1)
==71848==    by 0x489CB6C: ??? (in /usr/lib/x86_64-linux-gnu/libreadline.so.8.1)
==71848==    by 0x4896A38: rl_initialize (in /usr/lib/x86_64-linux-gnu/libreadline.so.8.1)
==71848==    by 0x4896CD4: readline (in /usr/lib/x86_64-linux-gnu/libreadline.so.8.1)
==71848==    by 0x402F55: read_heredoc_content (here_doc.c:23)
==71848==    by 0x402DD4: fill_cmd_heredocs (here_doc.c:47)
==71848==    by 0x402D6F: fill_all_heredocs (here_doc.c:59)
==71848==    by 0x40136F: main (main.c:50)
==71848== 
==71848== 24 bytes in 1 blocks are still reachable in loss record 11 of 62
==71848==    at 0x4848899: malloc (in /usr/libexec/valgrind/vgpreload_memcheck-amd64-linux.so)
==71848==    by 0x49E8FA4: tsearch (tsearch.c:337)
==71848==    by 0x4B05D6E: ??? (in /usr/lib/x86_64-linux-gnu/libtinfo.so.6.3)
==71848==    by 0x4B09098: _nc_tiparm (in /usr/lib/x86_64-linux-gnu/libtinfo.so.6.3)
==71848==    by 0x4B0FC7D: ??? (in /usr/lib/x86_64-linux-gnu/libtinfo.so.6.3)
==71848==    by 0x4B0FD09: _nc_trim_sgr0 (in /usr/lib/x86_64-linux-gnu/libtinfo.so.6.3)
==71848==    by 0x4B0E6A8: tgetent_sp (in /usr/lib/x86_64-linux-gnu/libtinfo.so.6.3)
==71848==    by 0x48AA1CD: _rl_init_terminal_io (in /usr/lib/x86_64-linux-gnu/libreadline.so.8.1)
==71848==    by 0x4896A0F: rl_initialize (in /usr/lib/x86_64-linux-gnu/libreadline.so.8.1)
==71848==    by 0x4896CD4: readline (in /usr/lib/x86_64-linux-gnu/libreadline.so.8.1)
==71848==    by 0x402F55: read_heredoc_content (here_doc.c:23)
==71848==    by 0x402DD4: fill_cmd_heredocs (here_doc.c:47)
==71848== 
==71848== 27 bytes in 1 blocks are still reachable in loss record 12 of 62
==71848==    at 0x4848899: malloc (in /usr/libexec/valgrind/vgpreload_memcheck-amd64-linux.so)
==71848==    by 0x4B03624: _nc_home_terminfo (in /usr/lib/x86_64-linux-gnu/libtinfo.so.6.3)
==71848==    by 0x4B03BE2: _nc_first_db (in /usr/lib/x86_64-linux-gnu/libtinfo.so.6.3)
==71848==    by 0x4B0D696: _nc_read_entry2 (in /usr/lib/x86_64-linux-gnu/libtinfo.so.6.3)
==71848==    by 0x4B0D711: ??? (in /usr/lib/x86_64-linux-gnu/libtinfo.so.6.3)
==71848==    by 0x4B0D866: _nc_setupterm (in /usr/lib/x86_64-linux-gnu/libtinfo.so.6.3)
==71848==    by 0x4B0E4C9: tgetent_sp (in /usr/lib/x86_64-linux-gnu/libtinfo.so.6.3)
==71848==    by 0x48AA1CD: _rl_init_terminal_io (in /usr/lib/x86_64-linux-gnu/libreadline.so.8.1)
==71848==    by 0x4896A0F: rl_initialize (in /usr/lib/x86_64-linux-gnu/libreadline.so.8.1)
==71848==    by 0x4896CD4: readline (in /usr/lib/x86_64-linux-gnu/libreadline.so.8.1)
==71848==    by 0x402F55: read_heredoc_content (here_doc.c:23)
==71848==    by 0x402DD4: fill_cmd_heredocs (here_doc.c:47)
==71848== 
==71848== 46 bytes in 1 blocks are still reachable in loss record 13 of 62
==71848==    at 0x484DCD3: realloc (in /usr/libexec/valgrind/vgpreload_memcheck-amd64-linux.so)
==71848==    by 0x4B026CC: _nc_doalloc (in /usr/lib/x86_64-linux-gnu/libtinfo.so.6.3)
==71848==    by 0x4B0D16F: _nc_read_termtype (in /usr/lib/x86_64-linux-gnu/libtinfo.so.6.3)
==71848==    by 0x4B0D52A: ??? (in /usr/lib/x86_64-linux-gnu/libtinfo.so.6.3)
==71848==    by 0x4B0FC40: ??? (in /usr/lib/x86_64-linux-gnu/libtinfo.so.6.3)
==71848==    by 0x4B0D6BB: _nc_read_entry2 (in /usr/lib/x86_64-linux-gnu/libtinfo.so.6.3)
==71848==    by 0x4B0D711: ??? (in /usr/lib/x86_64-linux-gnu/libtinfo.so.6.3)
==71848==    by 0x4B0D866: _nc_setupterm (in /usr/lib/x86_64-linux-gnu/libtinfo.so.6.3)
==71848==    by 0x4B0E4C9: tgetent_sp (in /usr/lib/x86_64-linux-gnu/libtinfo.so.6.3)
==71848==    by 0x48AA1CD: _rl_init_terminal_io (in /usr/lib/x86_64-linux-gnu/libreadline.so.8.1)
==71848==    by 0x4896A0F: rl_initialize (in /usr/lib/x86_64-linux-gnu/libreadline.so.8.1)
==71848==    by 0x4896CD4: readline (in /usr/lib/x86_64-linux-gnu/libreadline.so.8.1)
==71848== 
==71848== 46 bytes in 1 blocks are still reachable in loss record 14 of 62
==71848==    at 0x4848899: malloc (in /usr/libexec/valgrind/vgpreload_memcheck-amd64-linux.so)
==71848==    by 0x4B01FDE: ??? (in /usr/lib/x86_64-linux-gnu/libtinfo.so.6.3)
==71848==    by 0x4B0D87D: _nc_setupterm (in /usr/lib/x86_64-linux-gnu/libtinfo.so.6.3)
==71848==    by 0x4B0E4C9: tgetent_sp (in /usr/lib/x86_64-linux-gnu/libtinfo.so.6.3)
==71848==    by 0x48AA1CD: _rl_init_terminal_io (in /usr/lib/x86_64-linux-gnu/libreadline.so.8.1)
==71848==    by 0x4896A0F: rl_initialize (in /usr/lib/x86_64-linux-gnu/libreadline.so.8.1)
==71848==    by 0x4896CD4: readline (in /usr/lib/x86_64-linux-gnu/libreadline.so.8.1)
==71848==    by 0x402F55: read_heredoc_content (here_doc.c:23)
==71848==    by 0x402DD4: fill_cmd_heredocs (here_doc.c:47)
==71848==    by 0x402D6F: fill_all_heredocs (here_doc.c:59)
==71848==    by 0x40136F: main (main.c:50)
==71848== 
==71848== 48 bytes in 1 blocks are still reachable in loss record 15 of 62
==71848==    at 0x484DA83: calloc (in /usr/libexec/valgrind/vgpreload_memcheck-amd64-linux.so)
==71848==    by 0x4B03833: _nc_first_db (in /usr/lib/x86_64-linux-gnu/libtinfo.so.6.3)
==71848==    by 0x4B0D696: _nc_read_entry2 (in /usr/lib/x86_64-linux-gnu/libtinfo.so.6.3)
==71848==    by 0x4B0D711: ??? (in /usr/lib/x86_64-linux-gnu/libtinfo.so.6.3)
==71848==    by 0x4B0D866: _nc_setupterm (in /usr/lib/x86_64-linux-gnu/libtinfo.so.6.3)
==71848==    by 0x4B0E4C9: tgetent_sp (in /usr/lib/x86_64-linux-gnu/libtinfo.so.6.3)
==71848==    by 0x48AA1CD: _rl_init_terminal_io (in /usr/lib/x86_64-linux-gnu/libreadline.so.8.1)
==71848==    by 0x4896A0F: rl_initialize (in /usr/lib/x86_64-linux-gnu/libreadline.so.8.1)
==71848==    by 0x4896CD4: readline (in /usr/lib/x86_64-linux-gnu/libreadline.so.8.1)
==71848==    by 0x402F55: read_heredoc_content (here_doc.c:23)
==71848==    by 0x402DD4: fill_cmd_heredocs (here_doc.c:47)
==71848==    by 0x402D6F: fill_all_heredocs (here_doc.c:59)
==71848== 
==71848== 78 bytes in 1 blocks are still reachable in loss record 16 of 62
==71848==    at 0x4848899: malloc (in /usr/libexec/valgrind/vgpreload_memcheck-amd64-linux.so)
==71848==    by 0x4B0204B: ??? (in /usr/lib/x86_64-linux-gnu/libtinfo.so.6.3)
==71848==    by 0x4B0D87D: _nc_setupterm (in /usr/lib/x86_64-linux-gnu/libtinfo.so.6.3)
==71848==    by 0x4B0E4C9: tgetent_sp (in /usr/lib/x86_64-linux-gnu/libtinfo.so.6.3)
==71848==    by 0x48AA1CD: _rl_init_terminal_io (in /usr/lib/x86_64-linux-gnu/libreadline.so.8.1)
==71848==    by 0x4896A0F: rl_initialize (in /usr/lib/x86_64-linux-gnu/libreadline.so.8.1)
==71848==    by 0x4896CD4: readline (in /usr/lib/x86_64-linux-gnu/libreadline.so.8.1)
==71848==    by 0x402F55: read_heredoc_content (here_doc.c:23)
==71848==    by 0x402DD4: fill_cmd_heredocs (here_doc.c:47)
==71848==    by 0x402D6F: fill_all_heredocs (here_doc.c:59)
==71848==    by 0x40136F: main (main.c:50)
==71848== 
==71848== 93 bytes in 1 blocks are still reachable in loss record 17 of 62
==71848==    at 0x4848899: malloc (in /usr/libexec/valgrind/vgpreload_memcheck-amd64-linux.so)
==71848==    by 0x497158E: strdup (strdup.c:42)
==71848==    by 0x4B05D54: ??? (in /usr/lib/x86_64-linux-gnu/libtinfo.so.6.3)
==71848==    by 0x4B09098: _nc_tiparm (in /usr/lib/x86_64-linux-gnu/libtinfo.so.6.3)
==71848==    by 0x4B0FC7D: ??? (in /usr/lib/x86_64-linux-gnu/libtinfo.so.6.3)
==71848==    by 0x4B0FD09: _nc_trim_sgr0 (in /usr/lib/x86_64-linux-gnu/libtinfo.so.6.3)
==71848==    by 0x4B0E6A8: tgetent_sp (in /usr/lib/x86_64-linux-gnu/libtinfo.so.6.3)
==71848==    by 0x48AA1CD: _rl_init_terminal_io (in /usr/lib/x86_64-linux-gnu/libreadline.so.8.1)
==71848==    by 0x4896A0F: rl_initialize (in /usr/lib/x86_64-linux-gnu/libreadline.so.8.1)
==71848==    by 0x4896CD4: readline (in /usr/lib/x86_64-linux-gnu/libreadline.so.8.1)
==71848==    by 0x402F55: read_heredoc_content (here_doc.c:23)
==71848==    by 0x402DD4: fill_cmd_heredocs (here_doc.c:47)
==71848== 
==71848== 94 bytes in 1 blocks are still reachable in loss record 18 of 62
==71848==    at 0x4848899: malloc (in /usr/libexec/valgrind/vgpreload_memcheck-amd64-linux.so)
==71848==    by 0x4B0595B: _nc_tparm_analyze (in /usr/lib/x86_64-linux-gnu/libtinfo.so.6.3)
==71848==    by 0x4B05C62: ??? (in /usr/lib/x86_64-linux-gnu/libtinfo.so.6.3)
==71848==    by 0x4B09098: _nc_tiparm (in /usr/lib/x86_64-linux-gnu/libtinfo.so.6.3)
==71848==    by 0x4B0FC7D: ??? (in /usr/lib/x86_64-linux-gnu/libtinfo.so.6.3)
==71848==    by 0x4B0FD09: _nc_trim_sgr0 (in /usr/lib/x86_64-linux-gnu/libtinfo.so.6.3)
==71848==    by 0x4B0E6A8: tgetent_sp (in /usr/lib/x86_64-linux-gnu/libtinfo.so.6.3)
==71848==    by 0x48AA1CD: _rl_init_terminal_io (in /usr/lib/x86_64-linux-gnu/libreadline.so.8.1)
==71848==    by 0x4896A0F: rl_initialize (in /usr/lib/x86_64-linux-gnu/libreadline.so.8.1)
==71848==    by 0x4896CD4: readline (in /usr/lib/x86_64-linux-gnu/libreadline.so.8.1)
==71848==    by 0x402F55: read_heredoc_content (here_doc.c:23)
==71848==    by 0x402DD4: fill_cmd_heredocs (here_doc.c:47)
==71848== 
==71848== 96 bytes in 1 blocks are still reachable in loss record 19 of 62
==71848==    at 0x4848899: malloc (in /usr/libexec/valgrind/vgpreload_memcheck-amd64-linux.so)
==71848==    by 0x4B0379A: _nc_first_db (in /usr/lib/x86_64-linux-gnu/libtinfo.so.6.3)
==71848==    by 0x4B0D696: _nc_read_entry2 (in /usr/lib/x86_64-linux-gnu/libtinfo.so.6.3)
==71848==    by 0x4B0D711: ??? (in /usr/lib/x86_64-linux-gnu/libtinfo.so.6.3)
==71848==    by 0x4B0D866: _nc_setupterm (in /usr/lib/x86_64-linux-gnu/libtinfo.so.6.3)
==71848==    by 0x4B0E4C9: tgetent_sp (in /usr/lib/x86_64-linux-gnu/libtinfo.so.6.3)
==71848==    by 0x48AA1CD: _rl_init_terminal_io (in /usr/lib/x86_64-linux-gnu/libreadline.so.8.1)
==71848==    by 0x4896A0F: rl_initialize (in /usr/lib/x86_64-linux-gnu/libreadline.so.8.1)
==71848==    by 0x4896CD4: readline (in /usr/lib/x86_64-linux-gnu/libreadline.so.8.1)
==71848==    by 0x402F55: read_heredoc_content (here_doc.c:23)
==71848==    by 0x402DD4: fill_cmd_heredocs (here_doc.c:47)
==71848==    by 0x402D6F: fill_all_heredocs (here_doc.c:59)
==71848== 
==71848== 156 bytes in 1 blocks are still reachable in loss record 20 of 62
==71848==    at 0x484DCD3: realloc (in /usr/libexec/valgrind/vgpreload_memcheck-amd64-linux.so)
==71848==    by 0x4B026CC: _nc_doalloc (in /usr/lib/x86_64-linux-gnu/libtinfo.so.6.3)
==71848==    by 0x4B0D197: _nc_read_termtype (in /usr/lib/x86_64-linux-gnu/libtinfo.so.6.3)
==71848==    by 0x4B0D52A: ??? (in /usr/lib/x86_64-linux-gnu/libtinfo.so.6.3)
==71848==    by 0x4B0FC40: ??? (in /usr/lib/x86_64-linux-gnu/libtinfo.so.6.3)
==71848==    by 0x4B0D6BB: _nc_read_entry2 (in /usr/lib/x86_64-linux-gnu/libtinfo.so.6.3)
==71848==    by 0x4B0D711: ??? (in /usr/lib/x86_64-linux-gnu/libtinfo.so.6.3)
==71848==    by 0x4B0D866: _nc_setupterm (in /usr/lib/x86_64-linux-gnu/libtinfo.so.6.3)
==71848==    by 0x4B0E4C9: tgetent_sp (in /usr/lib/x86_64-linux-gnu/libtinfo.so.6.3)
==71848==    by 0x48AA1CD: _rl_init_terminal_io (in /usr/lib/x86_64-linux-gnu/libreadline.so.8.1)
==71848==    by 0x4896A0F: rl_initialize (in /usr/lib/x86_64-linux-gnu/libreadline.so.8.1)
==71848==    by 0x4896CD4: readline (in /usr/lib/x86_64-linux-gnu/libreadline.so.8.1)
==71848== 
==71848== 168 bytes in 1 blocks are still reachable in loss record 21 of 62
==71848==    at 0x484DA83: calloc (in /usr/libexec/valgrind/vgpreload_memcheck-amd64-linux.so)
==71848==    by 0x4B05CCD: ??? (in /usr/lib/x86_64-linux-gnu/libtinfo.so.6.3)
==71848==    by 0x4B09098: _nc_tiparm (in /usr/lib/x86_64-linux-gnu/libtinfo.so.6.3)
==71848==    by 0x4B0FC7D: ??? (in /usr/lib/x86_64-linux-gnu/libtinfo.so.6.3)
==71848==    by 0x4B0FD09: _nc_trim_sgr0 (in /usr/lib/x86_64-linux-gnu/libtinfo.so.6.3)
==71848==    by 0x4B0E6A8: tgetent_sp (in /usr/lib/x86_64-linux-gnu/libtinfo.so.6.3)
==71848==    by 0x48AA1CD: _rl_init_terminal_io (in /usr/lib/x86_64-linux-gnu/libreadline.so.8.1)
==71848==    by 0x4896A0F: rl_initialize (in /usr/lib/x86_64-linux-gnu/libreadline.so.8.1)
==71848==    by 0x4896CD4: readline (in /usr/lib/x86_64-linux-gnu/libreadline.so.8.1)
==71848==    by 0x402F55: read_heredoc_content (here_doc.c:23)
==71848==    by 0x402DD4: fill_cmd_heredocs (here_doc.c:47)
==71848==    by 0x402D6F: fill_all_heredocs (here_doc.c:59)
==71848== 
==71848== 256 bytes in 1 blocks are still reachable in loss record 22 of 62
==71848==    at 0x4848899: malloc (in /usr/libexec/valgrind/vgpreload_memcheck-amd64-linux.so)
==71848==    by 0x48AEBAC: xmalloc (in /usr/lib/x86_64-linux-gnu/libreadline.so.8.1)
==71848==    by 0x4896C86: rl_initialize (in /usr/lib/x86_64-linux-gnu/libreadline.so.8.1)
==71848==    by 0x4896CD4: readline (in /usr/lib/x86_64-linux-gnu/libreadline.so.8.1)
==71848==    by 0x402F55: read_heredoc_content (here_doc.c:23)
==71848==    by 0x402DD4: fill_cmd_heredocs (here_doc.c:47)
==71848==    by 0x402D6F: fill_all_heredocs (here_doc.c:59)
==71848==    by 0x40136F: main (main.c:50)
==71848== 
==71848== 608 bytes in 1 blocks are still reachable in loss record 23 of 62
==71848==    at 0x484DA83: calloc (in /usr/libexec/valgrind/vgpreload_memcheck-amd64-linux.so)
==71848==    by 0x4B0D37E: _nc_read_termtype (in /usr/lib/x86_64-linux-gnu/libtinfo.so.6.3)
==71848==    by 0x4B0D52A: ??? (in /usr/lib/x86_64-linux-gnu/libtinfo.so.6.3)
==71848==    by 0x4B0FC40: ??? (in /usr/lib/x86_64-linux-gnu/libtinfo.so.6.3)
==71848==    by 0x4B0D6BB: _nc_read_entry2 (in /usr/lib/x86_64-linux-gnu/libtinfo.so.6.3)
==71848==    by 0x4B0D711: ??? (in /usr/lib/x86_64-linux-gnu/libtinfo.so.6.3)
==71848==    by 0x4B0D866: _nc_setupterm (in /usr/lib/x86_64-linux-gnu/libtinfo.so.6.3)
==71848==    by 0x4B0E4C9: tgetent_sp (in /usr/lib/x86_64-linux-gnu/libtinfo.so.6.3)
==71848==    by 0x48AA1CD: _rl_init_terminal_io (in /usr/lib/x86_64-linux-gnu/libreadline.so.8.1)
==71848==    by 0x4896A0F: rl_initialize (in /usr/lib/x86_64-linux-gnu/libreadline.so.8.1)
==71848==    by 0x4896CD4: readline (in /usr/lib/x86_64-linux-gnu/libreadline.so.8.1)
==71848==    by 0x402F55: read_heredoc_content (here_doc.c:23)
==71848== 
==71848== 608 bytes in 1 blocks are still reachable in loss record 24 of 62
==71848==    at 0x4848899: malloc (in /usr/libexec/valgrind/vgpreload_memcheck-amd64-linux.so)
==71848==    by 0x4B02119: ??? (in /usr/lib/x86_64-linux-gnu/libtinfo.so.6.3)
==71848==    by 0x4B0D87D: _nc_setupterm (in /usr/lib/x86_64-linux-gnu/libtinfo.so.6.3)
==71848==    by 0x4B0E4C9: tgetent_sp (in /usr/lib/x86_64-linux-gnu/libtinfo.so.6.3)
==71848==    by 0x48AA1CD: _rl_init_terminal_io (in /usr/lib/x86_64-linux-gnu/libreadline.so.8.1)
==71848==    by 0x4896A0F: rl_initialize (in /usr/lib/x86_64-linux-gnu/libreadline.so.8.1)
==71848==    by 0x4896CD4: readline (in /usr/lib/x86_64-linux-gnu/libreadline.so.8.1)
==71848==    by 0x402F55: read_heredoc_content (here_doc.c:23)
==71848==    by 0x402DD4: fill_cmd_heredocs (here_doc.c:47)
==71848==    by 0x402D6F: fill_all_heredocs (here_doc.c:59)
==71848==    by 0x40136F: main (main.c:50)
==71848== 
==71848== 760 bytes in 1 blocks are still reachable in loss record 25 of 62
==71848==    at 0x484DA83: calloc (in /usr/libexec/valgrind/vgpreload_memcheck-amd64-linux.so)
==71848==    by 0x4B0D819: _nc_setupterm (in /usr/lib/x86_64-linux-gnu/libtinfo.so.6.3)
==71848==    by 0x4B0E4C9: tgetent_sp (in /usr/lib/x86_64-linux-gnu/libtinfo.so.6.3)
==71848==    by 0x48AA1CD: _rl_init_terminal_io (in /usr/lib/x86_64-linux-gnu/libreadline.so.8.1)
==71848==    by 0x4896A0F: rl_initialize (in /usr/lib/x86_64-linux-gnu/libreadline.so.8.1)
==71848==    by 0x4896CD4: readline (in /usr/lib/x86_64-linux-gnu/libreadline.so.8.1)
==71848==    by 0x402F55: read_heredoc_content (here_doc.c:23)
==71848==    by 0x402DD4: fill_cmd_heredocs (here_doc.c:47)
==71848==    by 0x402D6F: fill_all_heredocs (here_doc.c:59)
==71848==    by 0x40136F: main (main.c:50)
==71848== 
==71848== 940 bytes in 1 blocks are still reachable in loss record 26 of 62
==71848==    at 0x4848899: malloc (in /usr/libexec/valgrind/vgpreload_memcheck-amd64-linux.so)
==71848==    by 0x4B0D287: _nc_read_termtype (in /usr/lib/x86_64-linux-gnu/libtinfo.so.6.3)
==71848==    by 0x4B0D52A: ??? (in /usr/lib/x86_64-linux-gnu/libtinfo.so.6.3)
==71848==    by 0x4B0FC40: ??? (in /usr/lib/x86_64-linux-gnu/libtinfo.so.6.3)
==71848==    by 0x4B0D6BB: _nc_read_entry2 (in /usr/lib/x86_64-linux-gnu/libtinfo.so.6.3)
==71848==    by 0x4B0D711: ??? (in /usr/lib/x86_64-linux-gnu/libtinfo.so.6.3)
==71848==    by 0x4B0D866: _nc_setupterm (in /usr/lib/x86_64-linux-gnu/libtinfo.so.6.3)
==71848==    by 0x4B0E4C9: tgetent_sp (in /usr/lib/x86_64-linux-gnu/libtinfo.so.6.3)
==71848==    by 0x48AA1CD: _rl_init_terminal_io (in /usr/lib/x86_64-linux-gnu/libreadline.so.8.1)
==71848==    by 0x4896A0F: rl_initialize (in /usr/lib/x86_64-linux-gnu/libreadline.so.8.1)
==71848==    by 0x4896CD4: readline (in /usr/lib/x86_64-linux-gnu/libreadline.so.8.1)
==71848==    by 0x402F55: read_heredoc_content (here_doc.c:23)
==71848== 
==71848== 1,024 bytes in 1 blocks are still reachable in loss record 27 of 62
==71848==    at 0x4848899: malloc (in /usr/libexec/valgrind/vgpreload_memcheck-amd64-linux.so)
==71848==    by 0x48AF4A7: xrealloc (in /usr/lib/x86_64-linux-gnu/libreadline.so.8.1)
==71848==    by 0x4898C7B: ??? (in /usr/lib/x86_64-linux-gnu/libreadline.so.8.1)
==71848==    by 0x4898D67: ??? (in /usr/lib/x86_64-linux-gnu/libreadline.so.8.1)
==71848==    by 0x48A1C7E: rl_redisplay (in /usr/lib/x86_64-linux-gnu/libreadline.so.8.1)
==71848==    by 0x488C458: readline_internal_setup (in /usr/lib/x86_64-linux-gnu/libreadline.so.8.1)
==71848==    by 0x4896CF8: readline (in /usr/lib/x86_64-linux-gnu/libreadline.so.8.1)
==71848==    by 0x402F55: read_heredoc_content (here_doc.c:23)
==71848==    by 0x402DD4: fill_cmd_heredocs (here_doc.c:47)
==71848==    by 0x402D6F: fill_all_heredocs (here_doc.c:59)
==71848==    by 0x40136F: main (main.c:50)
==71848== 
==71848== 1,024 bytes in 1 blocks are still reachable in loss record 28 of 62
==71848==    at 0x4848899: malloc (in /usr/libexec/valgrind/vgpreload_memcheck-amd64-linux.so)
==71848==    by 0x48AF4A7: xrealloc (in /usr/lib/x86_64-linux-gnu/libreadline.so.8.1)
==71848==    by 0x4898C8B: ??? (in /usr/lib/x86_64-linux-gnu/libreadline.so.8.1)
==71848==    by 0x4898D67: ??? (in /usr/lib/x86_64-linux-gnu/libreadline.so.8.1)
==71848==    by 0x48A1C7E: rl_redisplay (in /usr/lib/x86_64-linux-gnu/libreadline.so.8.1)
==71848==    by 0x488C458: readline_internal_setup (in /usr/lib/x86_64-linux-gnu/libreadline.so.8.1)
==71848==    by 0x4896CF8: readline (in /usr/lib/x86_64-linux-gnu/libreadline.so.8.1)
==71848==    by 0x402F55: read_heredoc_content (here_doc.c:23)
==71848==    by 0x402DD4: fill_cmd_heredocs (here_doc.c:47)
==71848==    by 0x402D6F: fill_all_heredocs (here_doc.c:59)
==71848==    by 0x40136F: main (main.c:50)
==71848== 
==71848== 1,024 bytes in 1 blocks are still reachable in loss record 29 of 62
==71848==    at 0x4848899: malloc (in /usr/libexec/valgrind/vgpreload_memcheck-amd64-linux.so)
==71848==    by 0x48AF4A7: xrealloc (in /usr/lib/x86_64-linux-gnu/libreadline.so.8.1)
==71848==    by 0x4898CA2: ??? (in /usr/lib/x86_64-linux-gnu/libreadline.so.8.1)
==71848==    by 0x4898D67: ??? (in /usr/lib/x86_64-linux-gnu/libreadline.so.8.1)
==71848==    by 0x48A1C7E: rl_redisplay (in /usr/lib/x86_64-linux-gnu/libreadline.so.8.1)
==71848==    by 0x488C458: readline_internal_setup (in /usr/lib/x86_64-linux-gnu/libreadline.so.8.1)
==71848==    by 0x4896CF8: readline (in /usr/lib/x86_64-linux-gnu/libreadline.so.8.1)
==71848==    by 0x402F55: read_heredoc_content (here_doc.c:23)
==71848==    by 0x402DD4: fill_cmd_heredocs (here_doc.c:47)
==71848==    by 0x402D6F: fill_all_heredocs (here_doc.c:59)
==71848==    by 0x40136F: main (main.c:50)
==71848== 
==71848== 1,024 bytes in 1 blocks are still reachable in loss record 30 of 62
==71848==    at 0x4848899: malloc (in /usr/libexec/valgrind/vgpreload_memcheck-amd64-linux.so)
==71848==    by 0x48AF4A7: xrealloc (in /usr/lib/x86_64-linux-gnu/libreadline.so.8.1)
==71848==    by 0x4898CBB: ??? (in /usr/lib/x86_64-linux-gnu/libreadline.so.8.1)
==71848==    by 0x4898D67: ??? (in /usr/lib/x86_64-linux-gnu/libreadline.so.8.1)
==71848==    by 0x48A1C7E: rl_redisplay (in /usr/lib/x86_64-linux-gnu/libreadline.so.8.1)
==71848==    by 0x488C458: readline_internal_setup (in /usr/lib/x86_64-linux-gnu/libreadline.so.8.1)
==71848==    by 0x4896CF8: readline (in /usr/lib/x86_64-linux-gnu/libreadline.so.8.1)
==71848==    by 0x402F55: read_heredoc_content (here_doc.c:23)
==71848==    by 0x402DD4: fill_cmd_heredocs (here_doc.c:47)
==71848==    by 0x402D6F: fill_all_heredocs (here_doc.c:59)
==71848==    by 0x40136F: main (main.c:50)
==71848== 
==71848== 1,024 bytes in 1 blocks are still reachable in loss record 31 of 62
==71848==    at 0x4848899: malloc (in /usr/libexec/valgrind/vgpreload_memcheck-amd64-linux.so)
==71848==    by 0x48AEBAC: xmalloc (in /usr/lib/x86_64-linux-gnu/libreadline.so.8.1)
==71848==    by 0x4898DC5: ??? (in /usr/lib/x86_64-linux-gnu/libreadline.so.8.1)
==71848==    by 0x48A1C7E: rl_redisplay (in /usr/lib/x86_64-linux-gnu/libreadline.so.8.1)
==71848==    by 0x488C458: readline_internal_setup (in /usr/lib/x86_64-linux-gnu/libreadline.so.8.1)
==71848==    by 0x4896CF8: readline (in /usr/lib/x86_64-linux-gnu/libreadline.so.8.1)
==71848==    by 0x402F55: read_heredoc_content (here_doc.c:23)
==71848==    by 0x402DD4: fill_cmd_heredocs (here_doc.c:47)
==71848==    by 0x402D6F: fill_all_heredocs (here_doc.c:59)
==71848==    by 0x40136F: main (main.c:50)
==71848== 
==71848== 1,024 bytes in 1 blocks are still reachable in loss record 32 of 62
==71848==    at 0x4848899: malloc (in /usr/libexec/valgrind/vgpreload_memcheck-amd64-linux.so)
==71848==    by 0x48AEBAC: xmalloc (in /usr/lib/x86_64-linux-gnu/libreadline.so.8.1)
==71848==    by 0x4898DDA: ??? (in /usr/lib/x86_64-linux-gnu/libreadline.so.8.1)
==71848==    by 0x48A1C7E: rl_redisplay (in /usr/lib/x86_64-linux-gnu/libreadline.so.8.1)
==71848==    by 0x488C458: readline_internal_setup (in /usr/lib/x86_64-linux-gnu/libreadline.so.8.1)
==71848==    by 0x4896CF8: readline (in /usr/lib/x86_64-linux-gnu/libreadline.so.8.1)
==71848==    by 0x402F55: read_heredoc_content (here_doc.c:23)
==71848==    by 0x402DD4: fill_cmd_heredocs (here_doc.c:47)
==71848==    by 0x402D6F: fill_all_heredocs (here_doc.c:59)
==71848==    by 0x40136F: main (main.c:50)
==71848== 
==71848== 1,024 bytes in 1 blocks are still reachable in loss record 33 of 62
==71848==    at 0x4848899: malloc (in /usr/libexec/valgrind/vgpreload_memcheck-amd64-linux.so)
==71848==    by 0x48AEBAC: xmalloc (in /usr/lib/x86_64-linux-gnu/libreadline.so.8.1)
==71848==    by 0x4898DE8: ??? (in /usr/lib/x86_64-linux-gnu/libreadline.so.8.1)
==71848==    by 0x48A1C7E: rl_redisplay (in /usr/lib/x86_64-linux-gnu/libreadline.so.8.1)
==71848==    by 0x488C458: readline_internal_setup (in /usr/lib/x86_64-linux-gnu/libreadline.so.8.1)
==71848==    by 0x4896CF8: readline (in /usr/lib/x86_64-linux-gnu/libreadline.so.8.1)
==71848==    by 0x402F55: read_heredoc_content (here_doc.c:23)
==71848==    by 0x402DD4: fill_cmd_heredocs (here_doc.c:47)
==71848==    by 0x402D6F: fill_all_heredocs (here_doc.c:59)
==71848==    by 0x40136F: main (main.c:50)
==71848== 
==71848== 1,024 bytes in 1 blocks are still reachable in loss record 34 of 62
==71848==    at 0x4848899: malloc (in /usr/libexec/valgrind/vgpreload_memcheck-amd64-linux.so)
==71848==    by 0x48AEBAC: xmalloc (in /usr/lib/x86_64-linux-gnu/libreadline.so.8.1)
==71848==    by 0x4898DF6: ??? (in /usr/lib/x86_64-linux-gnu/libreadline.so.8.1)
==71848==    by 0x48A1C7E: rl_redisplay (in /usr/lib/x86_64-linux-gnu/libreadline.so.8.1)
==71848==    by 0x488C458: readline_internal_setup (in /usr/lib/x86_64-linux-gnu/libreadline.so.8.1)
==71848==    by 0x4896CF8: readline (in /usr/lib/x86_64-linux-gnu/libreadline.so.8.1)
==71848==    by 0x402F55: read_heredoc_content (here_doc.c:23)
==71848==    by 0x402DD4: fill_cmd_heredocs (here_doc.c:47)
==71848==    by 0x402D6F: fill_all_heredocs (here_doc.c:59)
==71848==    by 0x40136F: main (main.c:50)
==71848== 
==71848== 1,536 bytes in 1 blocks are still reachable in loss record 35 of 62
==71848==    at 0x484DCD3: realloc (in /usr/libexec/valgrind/vgpreload_memcheck-amd64-linux.so)
==71848==    by 0x48AF491: xrealloc (in /usr/lib/x86_64-linux-gnu/libreadline.so.8.1)
==71848==    by 0x488C877: rl_add_funmap_entry (in /usr/lib/x86_64-linux-gnu/libreadline.so.8.1)
==71848==    by 0x488C8C8: rl_initialize_funmap (in /usr/lib/x86_64-linux-gnu/libreadline.so.8.1)
==71848==    by 0x4896A2C: rl_initialize (in /usr/lib/x86_64-linux-gnu/libreadline.so.8.1)
==71848==    by 0x4896CD4: readline (in /usr/lib/x86_64-linux-gnu/libreadline.so.8.1)
==71848==    by 0x402F55: read_heredoc_content (here_doc.c:23)
==71848==    by 0x402DD4: fill_cmd_heredocs (here_doc.c:47)
==71848==    by 0x402D6F: fill_all_heredocs (here_doc.c:59)
==71848==    by 0x40136F: main (main.c:50)
==71848== 
==71848== 1,664 bytes in 1 blocks are still reachable in loss record 36 of 62
==71848==    at 0x4848899: malloc (in /usr/libexec/valgrind/vgpreload_memcheck-amd64-linux.so)
==71848==    by 0x4B0CACD: _nc_read_termtype (in /usr/lib/x86_64-linux-gnu/libtinfo.so.6.3)
==71848==    by 0x4B0D52A: ??? (in /usr/lib/x86_64-linux-gnu/libtinfo.so.6.3)
==71848==    by 0x4B0FC40: ??? (in /usr/lib/x86_64-linux-gnu/libtinfo.so.6.3)
==71848==    by 0x4B0D6BB: _nc_read_entry2 (in /usr/lib/x86_64-linux-gnu/libtinfo.so.6.3)
==71848==    by 0x4B0D711: ??? (in /usr/lib/x86_64-linux-gnu/libtinfo.so.6.3)
==71848==    by 0x4B0D866: _nc_setupterm (in /usr/lib/x86_64-linux-gnu/libtinfo.so.6.3)
==71848==    by 0x4B0E4C9: tgetent_sp (in /usr/lib/x86_64-linux-gnu/libtinfo.so.6.3)
==71848==    by 0x48AA1CD: _rl_init_terminal_io (in /usr/lib/x86_64-linux-gnu/libreadline.so.8.1)
==71848==    by 0x4896A0F: rl_initialize (in /usr/lib/x86_64-linux-gnu/libreadline.so.8.1)
==71848==    by 0x4896CD4: readline (in /usr/lib/x86_64-linux-gnu/libreadline.so.8.1)
==71848==    by 0x402F55: read_heredoc_content (here_doc.c:23)
==71848== 
==71848== 2,032 bytes in 1 blocks are still reachable in loss record 37 of 62
==71848==    at 0x4848899: malloc (in /usr/libexec/valgrind/vgpreload_memcheck-amd64-linux.so)
==71848==    by 0x48AEBAC: xmalloc (in /usr/lib/x86_64-linux-gnu/libreadline.so.8.1)
==71848==    by 0x48AA419: _rl_init_terminal_io (in /usr/lib/x86_64-linux-gnu/libreadline.so.8.1)
==71848==    by 0x4896A0F: rl_initialize (in /usr/lib/x86_64-linux-gnu/libreadline.so.8.1)
==71848==    by 0x4896CD4: readline (in /usr/lib/x86_64-linux-gnu/libreadline.so.8.1)
==71848==    by 0x402F55: read_heredoc_content (here_doc.c:23)
==71848==    by 0x402DD4: fill_cmd_heredocs (here_doc.c:47)
==71848==    by 0x402D6F: fill_all_heredocs (here_doc.c:59)
==71848==    by 0x40136F: main (main.c:50)
==71848== 
==71848== 2,240 bytes in 140 blocks are still reachable in loss record 38 of 62
==71848==    at 0x4848899: malloc (in /usr/libexec/valgrind/vgpreload_memcheck-amd64-linux.so)
==71848==    by 0x48AEBAC: xmalloc (in /usr/lib/x86_64-linux-gnu/libreadline.so.8.1)
==71848==    by 0x488C822: rl_add_funmap_entry (in /usr/lib/x86_64-linux-gnu/libreadline.so.8.1)
==71848==    by 0x488C8C8: rl_initialize_funmap (in /usr/lib/x86_64-linux-gnu/libreadline.so.8.1)
==71848==    by 0x4896A2C: rl_initialize (in /usr/lib/x86_64-linux-gnu/libreadline.so.8.1)
==71848==    by 0x4896CD4: readline (in /usr/lib/x86_64-linux-gnu/libreadline.so.8.1)
==71848==    by 0x402F55: read_heredoc_content (here_doc.c:23)
==71848==    by 0x402DD4: fill_cmd_heredocs (here_doc.c:47)
==71848==    by 0x402D6F: fill_all_heredocs (here_doc.c:59)
==71848==    by 0x40136F: main (main.c:50)
==71848== 
==71848== 3,904 bytes in 1 blocks are still reachable in loss record 39 of 62
==71848==    at 0x484DCD3: realloc (in /usr/libexec/valgrind/vgpreload_memcheck-amd64-linux.so)
==71848==    by 0x4B026CC: _nc_doalloc (in /usr/lib/x86_64-linux-gnu/libtinfo.so.6.3)
==71848==    by 0x4B0D1B5: _nc_read_termtype (in /usr/lib/x86_64-linux-gnu/libtinfo.so.6.3)
==71848==    by 0x4B0D52A: ??? (in /usr/lib/x86_64-linux-gnu/libtinfo.so.6.3)
==71848==    by 0x4B0FC40: ??? (in /usr/lib/x86_64-linux-gnu/libtinfo.so.6.3)
==71848==    by 0x4B0D6BB: _nc_read_entry2 (in /usr/lib/x86_64-linux-gnu/libtinfo.so.6.3)
==71848==    by 0x4B0D711: ??? (in /usr/lib/x86_64-linux-gnu/libtinfo.so.6.3)
==71848==    by 0x4B0D866: _nc_setupterm (in /usr/lib/x86_64-linux-gnu/libtinfo.so.6.3)
==71848==    by 0x4B0E4C9: tgetent_sp (in /usr/lib/x86_64-linux-gnu/libtinfo.so.6.3)
==71848==    by 0x48AA1CD: _rl_init_terminal_io (in /usr/lib/x86_64-linux-gnu/libreadline.so.8.1)
==71848==    by 0x4896A0F: rl_initialize (in /usr/lib/x86_64-linux-gnu/libreadline.so.8.1)
==71848==    by 0x4896CD4: readline (in /usr/lib/x86_64-linux-gnu/libreadline.so.8.1)
==71848== 
==71848== 3,904 bytes in 1 blocks are still reachable in loss record 40 of 62
==71848==    at 0x4848899: malloc (in /usr/libexec/valgrind/vgpreload_memcheck-amd64-linux.so)
==71848==    by 0x4B01FFF: ??? (in /usr/lib/x86_64-linux-gnu/libtinfo.so.6.3)
==71848==    by 0x4B0D87D: _nc_setupterm (in /usr/lib/x86_64-linux-gnu/libtinfo.so.6.3)
==71848==    by 0x4B0E4C9: tgetent_sp (in /usr/lib/x86_64-linux-gnu/libtinfo.so.6.3)
==71848==    by 0x48AA1CD: _rl_init_terminal_io (in /usr/lib/x86_64-linux-gnu/libreadline.so.8.1)
==71848==    by 0x4896A0F: rl_initialize (in /usr/lib/x86_64-linux-gnu/libreadline.so.8.1)
==71848==    by 0x4896CD4: readline (in /usr/lib/x86_64-linux-gnu/libreadline.so.8.1)
==71848==    by 0x402F55: read_heredoc_content (here_doc.c:23)
==71848==    by 0x402DD4: fill_cmd_heredocs (here_doc.c:47)
==71848==    by 0x402D6F: fill_all_heredocs (here_doc.c:59)
==71848==    by 0x40136F: main (main.c:50)
==71848== 
==71848== 4,080 bytes in 1 blocks are still reachable in loss record 41 of 62
==71848==    at 0x4848899: malloc (in /usr/libexec/valgrind/vgpreload_memcheck-amd64-linux.so)
==71848==    by 0x48AEBAC: xmalloc (in /usr/lib/x86_64-linux-gnu/libreadline.so.8.1)
==71848==    by 0x48AA3F9: _rl_init_terminal_io (in /usr/lib/x86_64-linux-gnu/libreadline.so.8.1)
==71848==    by 0x4896A0F: rl_initialize (in /usr/lib/x86_64-linux-gnu/libreadline.so.8.1)
==71848==    by 0x4896CD4: readline (in /usr/lib/x86_64-linux-gnu/libreadline.so.8.1)
==71848==    by 0x402F55: read_heredoc_content (here_doc.c:23)
==71848==    by 0x402DD4: fill_cmd_heredocs (here_doc.c:47)
==71848==    by 0x402D6F: fill_all_heredocs (here_doc.c:59)
==71848==    by 0x40136F: main (main.c:50)
==71848== 
==71848== 4,112 bytes in 1 blocks are still reachable in loss record 42 of 62
==71848==    at 0x4848899: malloc (in /usr/libexec/valgrind/vgpreload_memcheck-amd64-linux.so)
==71848==    by 0x48AEBAC: xmalloc (in /usr/lib/x86_64-linux-gnu/libreadline.so.8.1)
==71848==    by 0x488B251: rl_make_bare_keymap (in /usr/lib/x86_64-linux-gnu/libreadline.so.8.1)
==71848==    by 0x488BB6A: rl_generic_bind (in /usr/lib/x86_64-linux-gnu/libreadline.so.8.1)
==71848==    by 0x489675D: rl_bind_keyseq_if_unbound_in_map (in /usr/lib/x86_64-linux-gnu/libreadline.so.8.1)
==71848==    by 0x48A9DD5: ??? (in /usr/lib/x86_64-linux-gnu/libreadline.so.8.1)
==71848==    by 0x48AA31F: _rl_init_terminal_io (in /usr/lib/x86_64-linux-gnu/libreadline.so.8.1)
==71848==    by 0x4896A0F: rl_initialize (in /usr/lib/x86_64-linux-gnu/libreadline.so.8.1)
==71848==    by 0x4896CD4: readline (in /usr/lib/x86_64-linux-gnu/libreadline.so.8.1)
==71848==    by 0x402F55: read_heredoc_content (here_doc.c:23)
==71848==    by 0x402DD4: fill_cmd_heredocs (here_doc.c:47)
==71848==    by 0x402D6F: fill_all_heredocs (here_doc.c:59)
==71848== 
==71848== 4,112 bytes in 1 blocks are still reachable in loss record 43 of 62
==71848==    at 0x4848899: malloc (in /usr/libexec/valgrind/vgpreload_memcheck-amd64-linux.so)
==71848==    by 0x48AEBAC: xmalloc (in /usr/lib/x86_64-linux-gnu/libreadline.so.8.1)
==71848==    by 0x488B251: rl_make_bare_keymap (in /usr/lib/x86_64-linux-gnu/libreadline.so.8.1)
==71848==    by 0x488BB6A: rl_generic_bind (in /usr/lib/x86_64-linux-gnu/libreadline.so.8.1)
==71848==    by 0x489675D: rl_bind_keyseq_if_unbound_in_map (in /usr/lib/x86_64-linux-gnu/libreadline.so.8.1)
==71848==    by 0x48A9E5A: ??? (in /usr/lib/x86_64-linux-gnu/libreadline.so.8.1)
==71848==    by 0x48AA31F: _rl_init_terminal_io (in /usr/lib/x86_64-linux-gnu/libreadline.so.8.1)
==71848==    by 0x4896A0F: rl_initialize (in /usr/lib/x86_64-linux-gnu/libreadline.so.8.1)
==71848==    by 0x4896CD4: readline (in /usr/lib/x86_64-linux-gnu/libreadline.so.8.1)
==71848==    by 0x402F55: read_heredoc_content (here_doc.c:23)
==71848==    by 0x402DD4: fill_cmd_heredocs (here_doc.c:47)
==71848==    by 0x402D6F: fill_all_heredocs (here_doc.c:59)
==71848== 
==71848== 4,112 bytes in 1 blocks are still reachable in loss record 44 of 62
==71848==    at 0x4848899: malloc (in /usr/libexec/valgrind/vgpreload_memcheck-amd64-linux.so)
==71848==    by 0x48AEBAC: xmalloc (in /usr/lib/x86_64-linux-gnu/libreadline.so.8.1)
==71848==    by 0x488B251: rl_make_bare_keymap (in /usr/lib/x86_64-linux-gnu/libreadline.so.8.1)
==71848==    by 0x488BB6A: rl_generic_bind (in /usr/lib/x86_64-linux-gnu/libreadline.so.8.1)
==71848==    by 0x489675D: rl_bind_keyseq_if_unbound_in_map (in /usr/lib/x86_64-linux-gnu/libreadline.so.8.1)
==71848==    by 0x48A9E5A: ??? (in /usr/lib/x86_64-linux-gnu/libreadline.so.8.1)
==71848==    by 0x48AA32B: _rl_init_terminal_io (in /usr/lib/x86_64-linux-gnu/libreadline.so.8.1)
==71848==    by 0x4896A0F: rl_initialize (in /usr/lib/x86_64-linux-gnu/libreadline.so.8.1)
==71848==    by 0x4896CD4: readline (in /usr/lib/x86_64-linux-gnu/libreadline.so.8.1)
==71848==    by 0x402F55: read_heredoc_content (here_doc.c:23)
==71848==    by 0x402DD4: fill_cmd_heredocs (here_doc.c:47)
==71848==    by 0x402D6F: fill_all_heredocs (here_doc.c:59)
==71848== 
==71848== 4,112 bytes in 1 blocks are still reachable in loss record 45 of 62
==71848==    at 0x4848899: malloc (in /usr/libexec/valgrind/vgpreload_memcheck-amd64-linux.so)
==71848==    by 0x48AEBAC: xmalloc (in /usr/lib/x86_64-linux-gnu/libreadline.so.8.1)
==71848==    by 0x488B251: rl_make_bare_keymap (in /usr/lib/x86_64-linux-gnu/libreadline.so.8.1)
==71848==    by 0x488BB6A: rl_generic_bind (in /usr/lib/x86_64-linux-gnu/libreadline.so.8.1)
==71848==    by 0x489675D: rl_bind_keyseq_if_unbound_in_map (in /usr/lib/x86_64-linux-gnu/libreadline.so.8.1)
==71848==    by 0x48A9E5A: ??? (in /usr/lib/x86_64-linux-gnu/libreadline.so.8.1)
==71848==    by 0x48AA337: _rl_init_terminal_io (in /usr/lib/x86_64-linux-gnu/libreadline.so.8.1)
==71848==    by 0x4896A0F: rl_initialize (in /usr/lib/x86_64-linux-gnu/libreadline.so.8.1)
==71848==    by 0x4896CD4: readline (in /usr/lib/x86_64-linux-gnu/libreadline.so.8.1)
==71848==    by 0x402F55: read_heredoc_content (here_doc.c:23)
==71848==    by 0x402DD4: fill_cmd_heredocs (here_doc.c:47)
==71848==    by 0x402D6F: fill_all_heredocs (here_doc.c:59)
==71848== 
==71848== 4,112 bytes in 1 blocks are still reachable in loss record 46 of 62
==71848==    at 0x4848899: malloc (in /usr/libexec/valgrind/vgpreload_memcheck-amd64-linux.so)
==71848==    by 0x48AEBAC: xmalloc (in /usr/lib/x86_64-linux-gnu/libreadline.so.8.1)
==71848==    by 0x488B251: rl_make_bare_keymap (in /usr/lib/x86_64-linux-gnu/libreadline.so.8.1)
==71848==    by 0x488BB6A: rl_generic_bind (in /usr/lib/x86_64-linux-gnu/libreadline.so.8.1)
==71848==    by 0x489675D: rl_bind_keyseq_if_unbound_in_map (in /usr/lib/x86_64-linux-gnu/libreadline.so.8.1)
==71848==    by 0x489694C: ??? (in /usr/lib/x86_64-linux-gnu/libreadline.so.8.1)
==71848==    by 0x4896A84: rl_initialize (in /usr/lib/x86_64-linux-gnu/libreadline.so.8.1)
==71848==    by 0x4896CD4: readline (in /usr/lib/x86_64-linux-gnu/libreadline.so.8.1)
==71848==    by 0x402F55: read_heredoc_content (here_doc.c:23)
==71848==    by 0x402DD4: fill_cmd_heredocs (here_doc.c:47)
==71848==    by 0x402D6F: fill_all_heredocs (here_doc.c:59)
==71848==    by 0x40136F: main (main.c:50)
==71848== 
==71848== 4,112 bytes in 1 blocks are still reachable in loss record 47 of 62
==71848==    at 0x4848899: malloc (in /usr/libexec/valgrind/vgpreload_memcheck-amd64-linux.so)
==71848==    by 0x48AEBAC: xmalloc (in /usr/lib/x86_64-linux-gnu/libreadline.so.8.1)
==71848==    by 0x488B251: rl_make_bare_keymap (in /usr/lib/x86_64-linux-gnu/libreadline.so.8.1)
==71848==    by 0x488BB6A: rl_generic_bind (in /usr/lib/x86_64-linux-gnu/libreadline.so.8.1)
==71848==    by 0x489675D: rl_bind_keyseq_if_unbound_in_map (in /usr/lib/x86_64-linux-gnu/libreadline.so.8.1)
==71848==    by 0x489694C: ??? (in /usr/lib/x86_64-linux-gnu/libreadline.so.8.1)
==71848==    by 0x4896A93: rl_initialize (in /usr/lib/x86_64-linux-gnu/libreadline.so.8.1)
==71848==    by 0x4896CD4: readline (in /usr/lib/x86_64-linux-gnu/libreadline.so.8.1)
==71848==    by 0x402F55: read_heredoc_content (here_doc.c:23)
==71848==    by 0x402DD4: fill_cmd_heredocs (here_doc.c:47)
==71848==    by 0x402D6F: fill_all_heredocs (here_doc.c:59)
==71848==    by 0x40136F: main (main.c:50)
==71848== 
==71848== 4,112 bytes in 1 blocks are still reachable in loss record 48 of 62
==71848==    at 0x4848899: malloc (in /usr/libexec/valgrind/vgpreload_memcheck-amd64-linux.so)
==71848==    by 0x48AEBAC: xmalloc (in /usr/lib/x86_64-linux-gnu/libreadline.so.8.1)
==71848==    by 0x488B251: rl_make_bare_keymap (in /usr/lib/x86_64-linux-gnu/libreadline.so.8.1)
==71848==    by 0x488BB6A: rl_generic_bind (in /usr/lib/x86_64-linux-gnu/libreadline.so.8.1)
==71848==    by 0x489675D: rl_bind_keyseq_if_unbound_in_map (in /usr/lib/x86_64-linux-gnu/libreadline.so.8.1)
==71848==    by 0x489694C: ??? (in /usr/lib/x86_64-linux-gnu/libreadline.so.8.1)
==71848==    by 0x4896AB8: rl_initialize (in /usr/lib/x86_64-linux-gnu/libreadline.so.8.1)
==71848==    by 0x4896CD4: readline (in /usr/lib/x86_64-linux-gnu/libreadline.so.8.1)
==71848==    by 0x402F55: read_heredoc_content (here_doc.c:23)
==71848==    by 0x402DD4: fill_cmd_heredocs (here_doc.c:47)
==71848==    by 0x402D6F: fill_all_heredocs (here_doc.c:59)
==71848==    by 0x40136F: main (main.c:50)
==71848== 
==71848== 7,952 bytes in 1 blocks are still reachable in loss record 49 of 62
==71848==    at 0x484DA83: calloc (in /usr/libexec/valgrind/vgpreload_memcheck-amd64-linux.so)
==71848==    by 0x4B00C97: ??? (in /usr/lib/x86_64-linux-gnu/libtinfo.so.6.3)
==71848==    by 0x4B023AF: _nc_find_type_entry (in /usr/lib/x86_64-linux-gnu/libtinfo.so.6.3)
==71848==    by 0x4B04E4C: tgetstr_sp (in /usr/lib/x86_64-linux-gnu/libtinfo.so.6.3)
==71848==    by 0x48AA21A: _rl_init_terminal_io (in /usr/lib/x86_64-linux-gnu/libreadline.so.8.1)
==71848==    by 0x4896A0F: rl_initialize (in /usr/lib/x86_64-linux-gnu/libreadline.so.8.1)
==71848==    by 0x4896CD4: readline (in /usr/lib/x86_64-linux-gnu/libreadline.so.8.1)
==71848==    by 0x402F55: read_heredoc_content (here_doc.c:23)
==71848==    by 0x402DD4: fill_cmd_heredocs (here_doc.c:47)
==71848==    by 0x402D6F: fill_all_heredocs (here_doc.c:59)
==71848==    by 0x40136F: main (main.c:50)
==71848== 
==71848== 8,224 bytes in 2 blocks are still reachable in loss record 50 of 62
==71848==    at 0x4848899: malloc (in /usr/libexec/valgrind/vgpreload_memcheck-amd64-linux.so)
==71848==    by 0x48AEBAC: xmalloc (in /usr/lib/x86_64-linux-gnu/libreadline.so.8.1)
==71848==    by 0x488B251: rl_make_bare_keymap (in /usr/lib/x86_64-linux-gnu/libreadline.so.8.1)
==71848==    by 0x488BB6A: rl_generic_bind (in /usr/lib/x86_64-linux-gnu/libreadline.so.8.1)
==71848==    by 0x489675D: rl_bind_keyseq_if_unbound_in_map (in /usr/lib/x86_64-linux-gnu/libreadline.so.8.1)
==71848==    by 0x48A9E47: ??? (in /usr/lib/x86_64-linux-gnu/libreadline.so.8.1)
==71848==    by 0x48AA31F: _rl_init_terminal_io (in /usr/lib/x86_64-linux-gnu/libreadline.so.8.1)
==71848==    by 0x4896A0F: rl_initialize (in /usr/lib/x86_64-linux-gnu/libreadline.so.8.1)
==71848==    by 0x4896CD4: readline (in /usr/lib/x86_64-linux-gnu/libreadline.so.8.1)
==71848==    by 0x402F55: read_heredoc_content (here_doc.c:23)
==71848==    by 0x402DD4: fill_cmd_heredocs (here_doc.c:47)
==71848==    by 0x402D6F: fill_all_heredocs (here_doc.c:59)
==71848== 
==71848== 8,224 bytes in 2 blocks are still reachable in loss record 51 of 62
==71848==    at 0x4848899: malloc (in /usr/libexec/valgrind/vgpreload_memcheck-amd64-linux.so)
==71848==    by 0x48AEBAC: xmalloc (in /usr/lib/x86_64-linux-gnu/libreadline.so.8.1)
==71848==    by 0x488B251: rl_make_bare_keymap (in /usr/lib/x86_64-linux-gnu/libreadline.so.8.1)
==71848==    by 0x488BB6A: rl_generic_bind (in /usr/lib/x86_64-linux-gnu/libreadline.so.8.1)
==71848==    by 0x489675D: rl_bind_keyseq_if_unbound_in_map (in /usr/lib/x86_64-linux-gnu/libreadline.so.8.1)
==71848==    by 0x48A9DD5: ??? (in /usr/lib/x86_64-linux-gnu/libreadline.so.8.1)
==71848==    by 0x48AA32B: _rl_init_terminal_io (in /usr/lib/x86_64-linux-gnu/libreadline.so.8.1)
==71848==    by 0x4896A0F: rl_initialize (in /usr/lib/x86_64-linux-gnu/libreadline.so.8.1)
==71848==    by 0x4896CD4: readline (in /usr/lib/x86_64-linux-gnu/libreadline.so.8.1)
==71848==    by 0x402F55: read_heredoc_content (here_doc.c:23)
==71848==    by 0x402DD4: fill_cmd_heredocs (here_doc.c:47)
==71848==    by 0x402D6F: fill_all_heredocs (here_doc.c:59)
==71848== 
==71848== 8,224 bytes in 2 blocks are still reachable in loss record 52 of 62
==71848==    at 0x4848899: malloc (in /usr/libexec/valgrind/vgpreload_memcheck-amd64-linux.so)
==71848==    by 0x48AEBAC: xmalloc (in /usr/lib/x86_64-linux-gnu/libreadline.so.8.1)
==71848==    by 0x488B251: rl_make_bare_keymap (in /usr/lib/x86_64-linux-gnu/libreadline.so.8.1)
==71848==    by 0x488BB6A: rl_generic_bind (in /usr/lib/x86_64-linux-gnu/libreadline.so.8.1)
==71848==    by 0x489675D: rl_bind_keyseq_if_unbound_in_map (in /usr/lib/x86_64-linux-gnu/libreadline.so.8.1)
==71848==    by 0x48A9E47: ??? (in /usr/lib/x86_64-linux-gnu/libreadline.so.8.1)
==71848==    by 0x48AA32B: _rl_init_terminal_io (in /usr/lib/x86_64-linux-gnu/libreadline.so.8.1)
==71848==    by 0x4896A0F: rl_initialize (in /usr/lib/x86_64-linux-gnu/libreadline.so.8.1)
==71848==    by 0x4896CD4: readline (in /usr/lib/x86_64-linux-gnu/libreadline.so.8.1)
==71848==    by 0x402F55: read_heredoc_content (here_doc.c:23)
==71848==    by 0x402DD4: fill_cmd_heredocs (here_doc.c:47)
==71848==    by 0x402D6F: fill_all_heredocs (here_doc.c:59)
==71848== 
==71848== 8,224 bytes in 2 blocks are still reachable in loss record 53 of 62
==71848==    at 0x4848899: malloc (in /usr/libexec/valgrind/vgpreload_memcheck-amd64-linux.so)
==71848==    by 0x48AEBAC: xmalloc (in /usr/lib/x86_64-linux-gnu/libreadline.so.8.1)
==71848==    by 0x488B251: rl_make_bare_keymap (in /usr/lib/x86_64-linux-gnu/libreadline.so.8.1)
==71848==    by 0x488BB6A: rl_generic_bind (in /usr/lib/x86_64-linux-gnu/libreadline.so.8.1)
==71848==    by 0x489675D: rl_bind_keyseq_if_unbound_in_map (in /usr/lib/x86_64-linux-gnu/libreadline.so.8.1)
==71848==    by 0x48A9DD5: ??? (in /usr/lib/x86_64-linux-gnu/libreadline.so.8.1)
==71848==    by 0x48AA337: _rl_init_terminal_io (in /usr/lib/x86_64-linux-gnu/libreadline.so.8.1)
==71848==    by 0x4896A0F: rl_initialize (in /usr/lib/x86_64-linux-gnu/libreadline.so.8.1)
==71848==    by 0x4896CD4: readline (in /usr/lib/x86_64-linux-gnu/libreadline.so.8.1)
==71848==    by 0x402F55: read_heredoc_content (here_doc.c:23)
==71848==    by 0x402DD4: fill_cmd_heredocs (here_doc.c:47)
==71848==    by 0x402D6F: fill_all_heredocs (here_doc.c:59)
==71848== 
==71848== 8,224 bytes in 2 blocks are still reachable in loss record 54 of 62
==71848==    at 0x4848899: malloc (in /usr/libexec/valgrind/vgpreload_memcheck-amd64-linux.so)
==71848==    by 0x48AEBAC: xmalloc (in /usr/lib/x86_64-linux-gnu/libreadline.so.8.1)
==71848==    by 0x488B251: rl_make_bare_keymap (in /usr/lib/x86_64-linux-gnu/libreadline.so.8.1)
==71848==    by 0x488BB6A: rl_generic_bind (in /usr/lib/x86_64-linux-gnu/libreadline.so.8.1)
==71848==    by 0x489675D: rl_bind_keyseq_if_unbound_in_map (in /usr/lib/x86_64-linux-gnu/libreadline.so.8.1)
==71848==    by 0x48A9E47: ??? (in /usr/lib/x86_64-linux-gnu/libreadline.so.8.1)
==71848==    by 0x48AA337: _rl_init_terminal_io (in /usr/lib/x86_64-linux-gnu/libreadline.so.8.1)
==71848==    by 0x4896A0F: rl_initialize (in /usr/lib/x86_64-linux-gnu/libreadline.so.8.1)
==71848==    by 0x4896CD4: readline (in /usr/lib/x86_64-linux-gnu/libreadline.so.8.1)
==71848==    by 0x402F55: read_heredoc_content (here_doc.c:23)
==71848==    by 0x402DD4: fill_cmd_heredocs (here_doc.c:47)
==71848==    by 0x402D6F: fill_all_heredocs (here_doc.c:59)
==71848== 
==71848== 8,224 bytes in 2 blocks are still reachable in loss record 55 of 62
==71848==    at 0x4848899: malloc (in /usr/libexec/valgrind/vgpreload_memcheck-amd64-linux.so)
==71848==    by 0x48AEBAC: xmalloc (in /usr/lib/x86_64-linux-gnu/libreadline.so.8.1)
==71848==    by 0x488B251: rl_make_bare_keymap (in /usr/lib/x86_64-linux-gnu/libreadline.so.8.1)
==71848==    by 0x488BB6A: rl_generic_bind (in /usr/lib/x86_64-linux-gnu/libreadline.so.8.1)
==71848==    by 0x489675D: rl_bind_keyseq_if_unbound_in_map (in /usr/lib/x86_64-linux-gnu/libreadline.so.8.1)
==71848==    by 0x489693D: ??? (in /usr/lib/x86_64-linux-gnu/libreadline.so.8.1)
==71848==    by 0x4896A84: rl_initialize (in /usr/lib/x86_64-linux-gnu/libreadline.so.8.1)
==71848==    by 0x4896CD4: readline (in /usr/lib/x86_64-linux-gnu/libreadline.so.8.1)
==71848==    by 0x402F55: read_heredoc_content (here_doc.c:23)
==71848==    by 0x402DD4: fill_cmd_heredocs (here_doc.c:47)
==71848==    by 0x402D6F: fill_all_heredocs (here_doc.c:59)
==71848==    by 0x40136F: main (main.c:50)
==71848== 
==71848== 8,224 bytes in 2 blocks are still reachable in loss record 56 of 62
==71848==    at 0x4848899: malloc (in /usr/libexec/valgrind/vgpreload_memcheck-amd64-linux.so)
==71848==    by 0x48AEBAC: xmalloc (in /usr/lib/x86_64-linux-gnu/libreadline.so.8.1)
==71848==    by 0x488B251: rl_make_bare_keymap (in /usr/lib/x86_64-linux-gnu/libreadline.so.8.1)
==71848==    by 0x488BB6A: rl_generic_bind (in /usr/lib/x86_64-linux-gnu/libreadline.so.8.1)
==71848==    by 0x489675D: rl_bind_keyseq_if_unbound_in_map (in /usr/lib/x86_64-linux-gnu/libreadline.so.8.1)
==71848==    by 0x489693D: ??? (in /usr/lib/x86_64-linux-gnu/libreadline.so.8.1)
==71848==    by 0x4896A93: rl_initialize (in /usr/lib/x86_64-linux-gnu/libreadline.so.8.1)
==71848==    by 0x4896CD4: readline (in /usr/lib/x86_64-linux-gnu/libreadline.so.8.1)
==71848==    by 0x402F55: read_heredoc_content (here_doc.c:23)
==71848==    by 0x402DD4: fill_cmd_heredocs (here_doc.c:47)
==71848==    by 0x402D6F: fill_all_heredocs (here_doc.c:59)
==71848==    by 0x40136F: main (main.c:50)
==71848== 
==71848== 8,224 bytes in 2 blocks are still reachable in loss record 57 of 62
==71848==    at 0x4848899: malloc (in /usr/libexec/valgrind/vgpreload_memcheck-amd64-linux.so)
==71848==    by 0x48AEBAC: xmalloc (in /usr/lib/x86_64-linux-gnu/libreadline.so.8.1)
==71848==    by 0x488B251: rl_make_bare_keymap (in /usr/lib/x86_64-linux-gnu/libreadline.so.8.1)
==71848==    by 0x488BB6A: rl_generic_bind (in /usr/lib/x86_64-linux-gnu/libreadline.so.8.1)
==71848==    by 0x489675D: rl_bind_keyseq_if_unbound_in_map (in /usr/lib/x86_64-linux-gnu/libreadline.so.8.1)
==71848==    by 0x489693D: ??? (in /usr/lib/x86_64-linux-gnu/libreadline.so.8.1)
==71848==    by 0x4896AB8: rl_initialize (in /usr/lib/x86_64-linux-gnu/libreadline.so.8.1)
==71848==    by 0x4896CD4: readline (in /usr/lib/x86_64-linux-gnu/libreadline.so.8.1)
==71848==    by 0x402F55: read_heredoc_content (here_doc.c:23)
==71848==    by 0x402DD4: fill_cmd_heredocs (here_doc.c:47)
==71848==    by 0x402D6F: fill_all_heredocs (here_doc.c:59)
==71848==    by 0x40136F: main (main.c:50)
==71848== 
==71848== 8,224 bytes in 2 blocks are still reachable in loss record 58 of 62
==71848==    at 0x4848899: malloc (in /usr/libexec/valgrind/vgpreload_memcheck-amd64-linux.so)
==71848==    by 0x48AEBAC: xmalloc (in /usr/lib/x86_64-linux-gnu/libreadline.so.8.1)
==71848==    by 0x488B251: rl_make_bare_keymap (in /usr/lib/x86_64-linux-gnu/libreadline.so.8.1)
==71848==    by 0x488BB6A: rl_generic_bind (in /usr/lib/x86_64-linux-gnu/libreadline.so.8.1)
==71848==    by 0x489675D: rl_bind_keyseq_if_unbound_in_map (in /usr/lib/x86_64-linux-gnu/libreadline.so.8.1)
==71848==    by 0x4896AD2: rl_initialize (in /usr/lib/x86_64-linux-gnu/libreadline.so.8.1)
==71848==    by 0x4896CD4: readline (in /usr/lib/x86_64-linux-gnu/libreadline.so.8.1)
==71848==    by 0x402F55: read_heredoc_content (here_doc.c:23)
==71848==    by 0x402DD4: fill_cmd_heredocs (here_doc.c:47)
==71848==    by 0x402D6F: fill_all_heredocs (here_doc.c:59)
==71848==    by 0x40136F: main (main.c:50)
==71848== 
==71848== 8,224 bytes in 2 blocks are still reachable in loss record 59 of 62
==71848==    at 0x4848899: malloc (in /usr/libexec/valgrind/vgpreload_memcheck-amd64-linux.so)
==71848==    by 0x48AEBAC: xmalloc (in /usr/lib/x86_64-linux-gnu/libreadline.so.8.1)
==71848==    by 0x488B251: rl_make_bare_keymap (in /usr/lib/x86_64-linux-gnu/libreadline.so.8.1)
==71848==    by 0x488BB6A: rl_generic_bind (in /usr/lib/x86_64-linux-gnu/libreadline.so.8.1)
==71848==    by 0x489675D: rl_bind_keyseq_if_unbound_in_map (in /usr/lib/x86_64-linux-gnu/libreadline.so.8.1)
==71848==    by 0x4896AE1: rl_initialize (in /usr/lib/x86_64-linux-gnu/libreadline.so.8.1)
==71848==    by 0x4896CD4: readline (in /usr/lib/x86_64-linux-gnu/libreadline.so.8.1)
==71848==    by 0x402F55: read_heredoc_content (here_doc.c:23)
==71848==    by 0x402DD4: fill_cmd_heredocs (here_doc.c:47)
==71848==    by 0x402D6F: fill_all_heredocs (here_doc.c:59)
==71848==    by 0x40136F: main (main.c:50)
==71848== 
==71848== 12,336 bytes in 3 blocks are still reachable in loss record 60 of 62
==71848==    at 0x4848899: malloc (in /usr/libexec/valgrind/vgpreload_memcheck-amd64-linux.so)
==71848==    by 0x48AEBAC: xmalloc (in /usr/lib/x86_64-linux-gnu/libreadline.so.8.1)
==71848==    by 0x488B251: rl_make_bare_keymap (in /usr/lib/x86_64-linux-gnu/libreadline.so.8.1)
==71848==    by 0x488BB6A: rl_generic_bind (in /usr/lib/x86_64-linux-gnu/libreadline.so.8.1)
==71848==    by 0x489675D: rl_bind_keyseq_if_unbound_in_map (in /usr/lib/x86_64-linux-gnu/libreadline.so.8.1)
==71848==    by 0x4896914: ??? (in /usr/lib/x86_64-linux-gnu/libreadline.so.8.1)
==71848==    by 0x4896A93: rl_initialize (in /usr/lib/x86_64-linux-gnu/libreadline.so.8.1)
==71848==    by 0x4896CD4: readline (in /usr/lib/x86_64-linux-gnu/libreadline.so.8.1)
==71848==    by 0x402F55: read_heredoc_content (here_doc.c:23)
==71848==    by 0x402DD4: fill_cmd_heredocs (here_doc.c:47)
==71848==    by 0x402D6F: fill_all_heredocs (here_doc.c:59)
==71848==    by 0x40136F: main (main.c:50)
==71848== 
==71848== 12,336 bytes in 3 blocks are still reachable in loss record 61 of 62
==71848==    at 0x4848899: malloc (in /usr/libexec/valgrind/vgpreload_memcheck-amd64-linux.so)
==71848==    by 0x48AEBAC: xmalloc (in /usr/lib/x86_64-linux-gnu/libreadline.so.8.1)
==71848==    by 0x488B251: rl_make_bare_keymap (in /usr/lib/x86_64-linux-gnu/libreadline.so.8.1)
==71848==    by 0x488BB6A: rl_generic_bind (in /usr/lib/x86_64-linux-gnu/libreadline.so.8.1)
==71848==    by 0x489675D: rl_bind_keyseq_if_unbound_in_map (in /usr/lib/x86_64-linux-gnu/libreadline.so.8.1)
==71848==    by 0x4896914: ??? (in /usr/lib/x86_64-linux-gnu/libreadline.so.8.1)
==71848==    by 0x4896AB8: rl_initialize (in /usr/lib/x86_64-linux-gnu/libreadline.so.8.1)
==71848==    by 0x4896CD4: readline (in /usr/lib/x86_64-linux-gnu/libreadline.so.8.1)
==71848==    by 0x402F55: read_heredoc_content (here_doc.c:23)
==71848==    by 0x402DD4: fill_cmd_heredocs (here_doc.c:47)
==71848==    by 0x402D6F: fill_all_heredocs (here_doc.c:59)
==71848==    by 0x40136F: main (main.c:50)
==71848== 
==71848== 28,784 bytes in 7 blocks are still reachable in loss record 62 of 62
==71848==    at 0x4848899: malloc (in /usr/libexec/valgrind/vgpreload_memcheck-amd64-linux.so)
==71848==    by 0x48AEBAC: xmalloc (in /usr/lib/x86_64-linux-gnu/libreadline.so.8.1)
==71848==    by 0x488B251: rl_make_bare_keymap (in /usr/lib/x86_64-linux-gnu/libreadline.so.8.1)
==71848==    by 0x488BB6A: rl_generic_bind (in /usr/lib/x86_64-linux-gnu/libreadline.so.8.1)
==71848==    by 0x489C99E: rl_parse_and_bind (in /usr/lib/x86_64-linux-gnu/libreadline.so.8.1)
==71848==    by 0x489CB6C: ??? (in /usr/lib/x86_64-linux-gnu/libreadline.so.8.1)
==71848==    by 0x4896A38: rl_initialize (in /usr/lib/x86_64-linux-gnu/libreadline.so.8.1)
==71848==    by 0x4896CD4: readline (in /usr/lib/x86_64-linux-gnu/libreadline.so.8.1)
==71848==    by 0x402F55: read_heredoc_content (here_doc.c:23)
==71848==    by 0x402DD4: fill_cmd_heredocs (here_doc.c:47)
==71848==    by 0x402D6F: fill_all_heredocs (here_doc.c:59)
==71848==    by 0x40136F: main (main.c:50)
==71848== 
==71848== LEAK SUMMARY:
==71848==    definitely lost: 0 bytes in 0 blocks
==71848==    indirectly lost: 0 bytes in 0 blocks
==71848==      possibly lost: 0 bytes in 0 blocks
==71848==    still reachable: 204,161 bytes in 221 blocks
==71848==         suppressed: 0 bytes in 0 blocks
==71848== 
==71848== For lists of detected and suppressed errors, rerun with: -s
==71848== ERROR SUMMARY: 0 errors from 0 contexts (suppressed: 0 from 0)
